18:52:36 **** Incremental Build of configuration Debug for project EEPROM ****
make all 
Building target: EEPROM.elf
Invoking: AVR C Linker
avr-gcc -Wl,-Map,EEPROM.map -mmcu=atmega32 -o "EEPROM.elf"  ./EEPROM.o ./main.o   
Finished building target: EEPROM.elf
 
Create Flash image (ihex format)
avr-objcopy -R .eeprom -R .fuse -R .lock -R .signature -O ihex EEPROM.elf  "EEPROM.hex"
Finished building: EEPROM.hex
 
Invoking: Print Size
avr-size --format=avr --mcu=atmega32 EEPROM.elf
AVR Memory Usage
----------------
Device: atmega32

Program:     284 bytes (0.9% Full)
(.text + .data + .bootloader)

Data:          0 bytes (0.0% Full)
(.data + .bss + .noinit)


Finished building: sizedummy
 

18:52:36 Build Finished (took 570ms)

