07:22:49 **** Incremental Build of configuration Debug for project int_driver ****
make all 
Building file: ../src/main.c
Invoking: AVR Compiler
avr-gcc -Wall -g2 -gstabs -O0 -fpack-struct -fshort-enums -ffunction-sections -fdata-sections -std=gnu99 -funsigned-char -funsigned-bitfields -mmcu=atmega32 -DF_CPU=1000000UL -MMD -MP -MF"src/main.d" -MT"src/main.o" -c -o "src/main.o" "../src/main.c"
../src/main.c:1:1: warning: "F_CPU" redefined
<command-line>: warning: this is the location of the previous definition
In file included from ../src/main.c:2:
e:/programs/eclipse/03- imt sdk/imt_sdk_win_64/winavr/lib/gcc/../../avr/include/util/delay.h:90:3: warning: #warning "Compiler optimizations disabled; functions from <util/delay.h> won't work as designed"
Finished building: ../src/main.c
 
Building target: int_driver.elf
Invoking: AVR C Linker
avr-gcc -Wl,-Map,int_driver.map -mmcu=atmega32 -o "int_driver.elf"  ./src/DIO.o ./src/interrupt.o ./src/main.o   
Finished building target: int_driver.elf
 
Invoking: AVR Create Extended Listing
avr-objdump -h -S int_driver.elf  >"int_driver.lss"
Finished building: int_driver.lss
 
Create Flash image (ihex format)
avr-objcopy -R .eeprom -R .fuse -R .lock -R .signature -O ihex int_driver.elf  "int_driver.hex"
Finished building: int_driver.hex
 
Invoking: Print Size
avr-size --format=avr --mcu=atmega32 int_driver.elf
AVR Memory Usage
----------------
Device: atmega32

Program:    6970 bytes (21.3% Full)
(.text + .data + .bootloader)

Data:          8 bytes (0.4% Full)
(.data + .bss + .noinit)


Finished building: sizedummy
 

07:22:50 Build Finished (took 1s.182ms)

