01:11:33 **** Build of configuration Debug for project interrupt ****
make all 
Building file: ../src/main.c
Invoking: AVR Compiler
avr-gcc -Wall -g2 -gstabs -O0 -fpack-struct -fshort-enums -ffunction-sections -fdata-sections -std=gnu99 -funsigned-char -funsigned-bitfields -mmcu=atmega32 -DF_CPU=1000000UL -MMD -MP -MF"src/main.d" -MT"src/main.o" -c -o "src/main.o" "../src/main.c"
../src/main.c:2:1: warning: "F_CPU" redefined
<command-line>: warning: this is the location of the previous definition
In file included from ../src/main.c:3:
e:/programs/eclipse/03- imt sdk/imt_sdk_win_64/winavr/lib/gcc/../../avr/include/util/delay.h:90:3: warning: #warning "Compiler optimizations disabled; functions from <util/delay.h> won't work as designed"
Finished building: ../src/main.c
 
Building target: interrupt.elf
Invoking: AVR C Linker
avr-gcc -Wl,-Map,interrupt.map -mmcu=atmega32 -o "interrupt.elf"  ./src/DIO.o ./src/LED.o ./src/main.o   
Finished building target: interrupt.elf
 
Invoking: AVR Create Extended Listing
avr-objdump -h -S interrupt.elf  >"interrupt.lss"
Finished building: interrupt.lss
 
Create Flash image (ihex format)
avr-objcopy -R .eeprom -R .fuse -R .lock -R .signature -O ihex interrupt.elf  "interrupt.hex"
Finished building: interrupt.hex
 
Invoking: Print Size
avr-size --format=avr --mcu=atmega32 interrupt.elf
AVR Memory Usage
----------------
Device: atmega32

Program:    7518 bytes (22.9% Full)
(.text + .data + .bootloader)

Data:          8 bytes (0.4% Full)
(.data + .bss + .noinit)


Finished building: sizedummy
 

01:11:34 Build Finished (took 1s.227ms)

