17:10:29 **** Incremental Build of configuration Debug for project LCD1 ****
make all 
Building file: ../src/main.c
Invoking: AVR Compiler
avr-gcc -Wall -g2 -gstabs -O0 -fpack-struct -fshort-enums -ffunction-sections -fdata-sections -std=gnu99 -funsigned-char -funsigned-bitfields -mmcu=atmega32 -DF_CPU=1000000UL -MMD -MP -MF"src/main.d" -MT"src/main.o" -c -o "src/main.o" "../src/main.c"
Finished building: ../src/main.c
 
Building target: LCD1.elf
Invoking: AVR C Linker
avr-gcc -Wl,-Map,LCD1.map -mmcu=atmega32 -o "LCD1.elf"  ./src/DIO.o ./src/LCD.o ./src/main.o   
Finished building target: LCD1.elf
 
Invoking: AVR Create Extended Listing
avr-objdump -h -S LCD1.elf  >"LCD1.lss"
Finished building: LCD1.lss
 
Create Flash image (ihex format)
avr-objcopy -R .eeprom -R .fuse -R .lock -R .signature -O ihex LCD1.elf  "LCD1.hex"
Finished building: LCD1.hex
 
Invoking: Print Size
avr-size --format=avr --mcu=atmega32 LCD1.elf
AVR Memory Usage
----------------
Device: atmega32

Program:    3686 bytes (11.2% Full)
(.text + .data + .bootloader)

Data:          0 bytes (0.0% Full)
(.data + .bss + .noinit)


Finished building: sizedummy
 

17:10:30 Build Finished (took 1s.26ms)

