05:04:27 **** Build of configuration Debug for project new ****
make all 
Building file: ../DIO.c
Invoking: AVR Compiler
avr-gcc -Wall -g2 -gstabs -O0 -fpack-struct -fshort-enums -ffunction-sections -fdata-sections -std=gnu99 -funsigned-char -funsigned-bitfields -mmcu=atmega32 -DF_CPU=1000000UL -MMD -MP -MF"DIO.d" -MT"DIO.o" -c -o "DIO.o" "../DIO.c"
Finished building: ../DIO.c
 
Building file: ../LED.c
Invoking: AVR Compiler
avr-gcc -Wall -g2 -gstabs -O0 -fpack-struct -fshort-enums -ffunction-sections -fdata-sections -std=gnu99 -funsigned-char -funsigned-bitfields -mmcu=atmega32 -DF_CPU=1000000UL -MMD -MP -MF"LED.d" -MT"LED.o" -c -o "LED.o" "../LED.c"
Finished building: ../LED.c
 
Building file: ../main.c
Invoking: AVR Compiler
avr-gcc -Wall -g2 -gstabs -O0 -fpack-struct -fshort-enums -ffunction-sections -fdata-sections -std=gnu99 -funsigned-char -funsigned-bitfields -mmcu=atmega32 -DF_CPU=1000000UL -MMD -MP -MF"main.d" -MT"main.o" -c -o "main.o" "../main.c"
In file included from ../main.c:2:
e:/programs/eclipse/03- imt sdk/imt_sdk_win_64/winavr/lib/gcc/../../avr/include/util/delay.h:90:3: warning: #warning "Compiler optimizations disabled; functions from <util/delay.h> won't work as designed"
../main.c:3:1: warning: "F_CPU" redefined
<command-line>: warning: this is the location of the previous definition
Finished building: ../main.c
 
Building target: new.elf
Invoking: AVR C Linker
avr-gcc -Wl,-Map,new.map -mmcu=atmega32 -o "new.elf"  ./DIO.o ./LED.o ./main.o   
Finished building target: new.elf
 
Invoking: AVR Create Extended Listing
avr-objdump -h -S new.elf  >"new.lss"
Finished building: new.lss
 
Create Flash image (ihex format)
avr-objcopy -R .eeprom -R .fuse -R .lock -R .signature -O ihex new.elf  "new.hex"
Finished building: new.hex
 
Invoking: Print Size
avr-size --format=avr --mcu=atmega32 new.elf
AVR Memory Usage
----------------
Device: atmega32

Program:    6152 bytes (18.8% Full)
(.text + .data + .bootloader)

Data:          8 bytes (0.4% Full)
(.data + .bss + .noinit)


Finished building: sizedummy
 

05:04:29 Build Finished (took 1s.768ms)

