23:12:37 **** Incremental Build of configuration Debug for project relay ****
make all 
Building file: ../main.c
Invoking: AVR Compiler
avr-gcc -Wall -g2 -gstabs -O0 -fpack-struct -fshort-enums -ffunction-sections -fdata-sections -std=gnu99 -funsigned-char -funsigned-bitfields -mmcu=atmega32 -DF_CPU=1000000UL -MMD -MP -MF"main.d" -MT"main.o" -c -o "main.o" "../main.c"
In file included from ../main.c:1:
e:/programs/eclipse/03- imt sdk/imt_sdk_win_64/winavr/lib/gcc/../../avr/include/util/delay.h:90:3: warning: #warning "Compiler optimizations disabled; functions from <util/delay.h> won't work as designed"
Finished building: ../main.c
 
Building target: relay.elf
Invoking: AVR C Linker
avr-gcc -Wl,-Map,relay.map -mmcu=atmega32 -o "relay.elf"  ./DIO.o ./main.o   
Finished building target: relay.elf
 
Invoking: AVR Create Extended Listing
avr-objdump -h -S relay.elf  >"relay.lss"
Finished building: relay.lss
 
Create Flash image (ihex format)
avr-objcopy -R .eeprom -R .fuse -R .lock -R .signature -O ihex relay.elf  "relay.hex"
Finished building: relay.hex
 
Invoking: Print Size
avr-size --format=avr --mcu=atmega32 relay.elf
AVR Memory Usage
----------------
Device: atmega32

Program:    7064 bytes (21.6% Full)
(.text + .data + .bootloader)

Data:          8 bytes (0.4% Full)
(.data + .bss + .noinit)


Finished building: sizedummy
 

23:12:39 Build Finished (took 1s.636ms)

