05:26:20 **** Incremental Build of configuration Debug for project toggle_led_1_for_1_sec_and_led_2_for_2_sec ****
make all 
Building file: ../main.c
Invoking: AVR Compiler
avr-gcc -Wall -g2 -gstabs -O0 -fpack-struct -fshort-enums -ffunction-sections -fdata-sections -std=gnu99 -funsigned-char -funsigned-bitfields -mmcu=atmega32 -DF_CPU=1000000UL -MMD -MP -MF"main.d" -MT"main.o" -c -o "main.o" "../main.c"
In file included from ../main.c:1:
e:/programs/eclipse/03- imt sdk/imt_sdk_win_64/winavr/lib/gcc/../../avr/include/util/delay.h:90:3: warning: #warning "Compiler optimizations disabled; functions from <util/delay.h> won't work as designed"
Finished building: ../main.c
 
Building target: toggle_led_1_for_1_sec_and_led_2_for_2_sec.elf
Invoking: AVR C Linker
avr-gcc -Wl,-Map,toggle_led_1_for_1_sec_and_led_2_for_2_sec.map -mmcu=atmega32 -o "toggle_led_1_for_1_sec_and_led_2_for_2_sec.elf"  ./DIO.o ./LED.o ./main.o   
Finished building target: toggle_led_1_for_1_sec_and_led_2_for_2_sec.elf
 
Invoking: AVR Create Extended Listing
avr-objdump -h -S toggle_led_1_for_1_sec_and_led_2_for_2_sec.elf  >"toggle_led_1_for_1_sec_and_led_2_for_2_sec.lss"
Finished building: toggle_led_1_for_1_sec_and_led_2_for_2_sec.lss
 
Create Flash image (ihex format)
avr-objcopy -R .eeprom -R .fuse -R .lock -R .signature -O ihex toggle_led_1_for_1_sec_and_led_2_for_2_sec.elf  "toggle_led_1_for_1_sec_and_led_2_for_2_sec.hex"
Finished building: toggle_led_1_for_1_sec_and_led_2_for_2_sec.hex
 
Invoking: Print Size
avr-size --format=avr --mcu=atmega32 toggle_led_1_for_1_sec_and_led_2_for_2_sec.elf
AVR Memory Usage
----------------
Device: atmega32

Program:    6640 bytes (20.3% Full)
(.text + .data + .bootloader)

Data:          8 bytes (0.4% Full)
(.data + .bss + .noinit)


Finished building: sizedummy
 

05:26:21 Build Finished (took 943ms)

